<?xml version="1.0" encoding="UTF-8"?>
<!-- Generated by org.testng.reporters.JUnitXMLReporter -->
<testsuite ignored="0" hostname="DESKTOP-KKOLM6A" failures="1" tests="1" name="edgeTest" time="28.242" errors="0" timestamp="2022-06-12T16:14:00 IST">
  <testcase classname="test_Classes.VerifyUserCanAddFundInAccount" name="verifyUserCanLogin" time="16.806">
    <failure type="org.openqa.selenium.TimeoutException" message="Expected condition failed: waiting for visibility of [[EdgeDriver: msedge on WINDOWS (620831e49b1dca925e47cbae170d61f8)] -&amp;gt; xpath: //p[@class=&amp;apos;truncate headerDggnd&amp;apos;]] (tried for 10 second(s) with 500 milliseconds interval)
Build info: version: &amp;apos;4.2.1&amp;apos;, revision: &amp;apos;ac4d0fdd4a&amp;apos;
System info: host: &amp;apos;DESKTOP-KKOLM6A&amp;apos;, ip: &amp;apos;192.168.43.130&amp;apos;, os.name: &amp;apos;Windows 10&amp;apos;, os.arch: &amp;apos;amd64&amp;apos;, os.version: &amp;apos;10.0&amp;apos;, java.version: &amp;apos;17.0.2&amp;apos;
Driver info: org.openqa.selenium.edge.EdgeDriver
Capabilities {acceptInsecureCerts: false, browserName: msedge, browserVersion: 102.0.1245.39, ms:edgeOptions: {debuggerAddress: localhost:63568}, msedge: {msedgedriverVersion: 102.0.1245.39 (14b303d1f780..., userDataDir: C:\Users\admin\AppData\Loca...}, networkConnectionEnabled: false, pageLoadStrategy: normal, platformName: WINDOWS, proxy: Proxy(), se:cdp: ws://localhost:63568/devtoo..., se:cdpVersion: 102.0.1245.39, setWindowRect: true, strictFileInteractability: false, timeouts: {implicit: 0, pageLoad: 300000, script: 30000}, unhandledPromptBehavior: dismiss and notify, webauthn:extension:credBlob: true, webauthn:extension:largeBlob: true, webauthn:virtualAuthenticators: true}
Session ID: 620831e49b1dca925e47cbae170d61f8">
      <![CDATA[org.openqa.selenium.TimeoutException: Expected condition failed: waiting for visibility of [[EdgeDriver: msedge on WINDOWS (620831e49b1dca925e47cbae170d61f8)] -> xpath: //p[@class='truncate headerDggnd']] (tried for 10 second(s) with 500 milliseconds interval)
Build info: version: '4.2.1', revision: 'ac4d0fdd4a'
System info: host: 'DESKTOP-KKOLM6A', ip: '192.168.43.130', os.name: 'Windows 10', os.arch: 'amd64', os.version: '10.0', java.version: '17.0.2'
Driver info: org.openqa.selenium.edge.EdgeDriver
Capabilities {acceptInsecureCerts: false, browserName: msedge, browserVersion: 102.0.1245.39, ms:edgeOptions: {debuggerAddress: localhost:63568}, msedge: {msedgedriverVersion: 102.0.1245.39 (14b303d1f780..., userDataDir: C:\Users\admin\AppData\Loca...}, networkConnectionEnabled: false, pageLoadStrategy: normal, platformName: WINDOWS, proxy: Proxy(), se:cdp: ws://localhost:63568/devtoo..., se:cdpVersion: 102.0.1245.39, setWindowRect: true, strictFileInteractability: false, timeouts: {implicit: 0, pageLoad: 300000, script: 30000}, unhandledPromptBehavior: dismiss and notify, webauthn:extension:credBlob: true, webauthn:extension:largeBlob: true, webauthn:virtualAuthenticators: true}
Session ID: 620831e49b1dca925e47cbae170d61f8
at org.openqa.selenium.support.ui.WebDriverWait.timeoutException(WebDriverWait.java:87)
at org.openqa.selenium.support.ui.FluentWait.until(FluentWait.java:231)
at util_Classes.Util_Class.explicitWait(Util_Class.java:44)
at pom_Classes.Home_Page.verifyUser(Home_Page.java:39)
at test_Classes.VerifyUserCanAddFundInAccount.verifyUserCanLogin(VerifyUserCanAddFundInAccount.java:47)
at java.base/java.util.ArrayList.forEach(ArrayList.java:1511)
... Removed 27 stack frames]]>
    </failure>
  </testcase> <!-- verifyUserCanLogin -->
</testsuite> <!-- edgeTest -->
